<?xml version="1.0" encoding="UTF-8"?>
<!-- Generated by org.testng.reporters.JUnitReportReporter -->
<testsuite hostname="NarendraSai" failures="0" tests="2" name="projectT.TestCases.TestCaseMyInfo" time="306.502" errors="0" timestamp="2023-10-03T23:08:44 IST" skipped="0">
  <testcase classname="projectT.TestCases.TestCaseMyInfo" name="Config_MyInfo_Automation" time="136.801"/>
  <system-out/>
  <testcase classname="projectT.TestCases.TestCaseMyInfo" name="Edit_MyInfo_Automation" time="169.701"/>
  <system-out/>
</testsuite> <!-- projectT.TestCases.TestCaseMyInfo -->
