<?xml version="1.0" encoding="UTF-8"?>
<!-- Generated by org.testng.reporters.JUnitReportReporter -->
<testsuite hostname="NarendraSai" failures="0" tests="1" name="projectT.TestCases.TestCasePerformance" time="212.712" errors="0" timestamp="2023-10-03T23:08:44 IST" skipped="0">
  <testcase classname="projectT.TestCases.TestCasePerformance" name="Performance_Page_Automation" time="212.712"/>
  <system-out/>
</testsuite> <!-- projectT.TestCases.TestCasePerformance -->
