<?xml version="1.0" encoding="UTF-8"?>
<!-- Generated by org.testng.reporters.JUnitReportReporter -->
<testsuite hostname="NarendraSai" failures="0" tests="1" name="projectT.TestCases.TestCaseRecruitment" time="174.766" errors="0" timestamp="2023-09-30T23:13:42 IST" skipped="0">
  <testcase classname="projectT.TestCases.TestCaseRecruitment" name="Recruitment_Page_Automation" time="174.766"/>
  <system-out/>
</testsuite> <!-- projectT.TestCases.TestCaseRecruitment -->
