<?xml version="1.0" encoding="UTF-8"?>
<!-- Generated by org.testng.reporters.JUnitReportReporter -->
<testsuite hostname="NarendraSai" failures="0" tests="1" name="projectT.TestCases.TestCaseTime" time="449.829" errors="0" timestamp="2023-09-30T23:13:41 IST" skipped="0">
  <testcase classname="projectT.TestCases.TestCaseTime" name="Time_Page_Automation" time="449.829"/>
  <system-out/>
</testsuite> <!-- projectT.TestCases.TestCaseTime -->
