<?xml version="1.0" encoding="UTF-8"?>
<!-- Generated by org.testng.reporters.JUnitReportReporter -->
<testsuite hostname="NarendraSai" failures="0" tests="1" name="projectT.TestCases.TestCase02" time="99.337" errors="0" timestamp="2023-08-08T13:32:30 IST" skipped="0">
  <testcase classname="projectT.TestCases.TestCase02" name="check_Admin" time="99.337"/>
  <system-out/>
</testsuite> <!-- projectT.TestCases.TestCase02 -->
