<?xml version="1.0" encoding="UTF-8"?>
<!-- Generated by org.testng.reporters.JUnitReportReporter -->
<testsuite hostname="NarendraSai" failures="0" tests="1" name="projectT.TestCases.TestCaseLeave" time="286.961" errors="0" timestamp="2023-09-30T23:13:41 IST" skipped="0">
  <testcase classname="projectT.TestCases.TestCaseLeave" name="Leaves_Page_Automation" time="286.961"/>
  <system-out/>
</testsuite> <!-- projectT.TestCases.TestCaseLeave -->
