<?xml version="1.0" encoding="UTF-8"?>
<!-- Generated by org.testng.reporters.JUnitReportReporter -->
<testsuite hostname="NarendraSai" failures="0" tests="1" name="projectT.TestCases.TestCase01" time="88.203" errors="0" timestamp="2023-09-09T14:38:30 IST" skipped="0">
  <testcase classname="projectT.TestCases.TestCase01" name="ValidLoginCredentials" time="88.203"/>
  <system-out/>
</testsuite> <!-- projectT.TestCases.TestCase01 -->
