<?xml version="1.0" encoding="UTF-8"?>
<!-- Generated by org.testng.reporters.JUnitReportReporter -->
<testsuite hostname="NarendraSai" failures="0" tests="1" name="projectT.TestCases.TestCaseDirectory" time="41.542" errors="0" timestamp="2023-10-03T23:08:44 IST" skipped="0">
  <testcase classname="projectT.TestCases.TestCaseDirectory" name="Directory_Page_Automation" time="41.542"/>
  <system-out/>
</testsuite> <!-- projectT.TestCases.TestCaseDirectory -->
