<?xml version="1.0" encoding="UTF-8"?>
<!-- Generated by org.testng.reporters.JUnitReportReporter -->
<testsuite hostname="NarendraSai" failures="0" tests="1" name="projectT.TestCases.TestCaseClaim" time="224.228" errors="0" timestamp="2023-09-30T23:13:41 IST" skipped="0">
  <testcase classname="projectT.TestCases.TestCaseClaim" name="Claim_Page_Automation" time="224.228"/>
  <system-out/>
</testsuite> <!-- projectT.TestCases.TestCaseClaim -->
