<?xml version="1.0" encoding="UTF-8"?>
<!-- Generated by org.testng.reporters.JUnitReportReporter -->
<testsuite hostname="NarendraSai" failures="0" tests="2" name="projectT.TestCases.TestCaseMyInfo" time="319.149" errors="0" timestamp="2023-09-30T23:13:41 IST" skipped="0">
  <testcase classname="projectT.TestCases.TestCaseMyInfo" name="Edit_MyInfo_Automation" time="175.713"/>
  <system-out/>
  <testcase classname="projectT.TestCases.TestCaseMyInfo" name="Config_MyInfo_Automation" time="143.436"/>
  <system-out/>
</testsuite> <!-- projectT.TestCases.TestCaseMyInfo -->
