<?xml version="1.0" encoding="UTF-8"?>
<!-- Generated by org.testng.reporters.JUnitReportReporter -->
<testsuite hostname="NarendraSai" failures="0" tests="1" name="projectT.TestCases.TestCaseLinkValidation" time="66.507" errors="0" timestamp="2023-09-09T16:02:16 IST" skipped="0">
  <testcase classname="projectT.TestCases.TestCaseLinkValidation" name="OrangeHRMLinksCheck" time="66.507"/>
  <system-out/>
</testsuite> <!-- projectT.TestCases.TestCaseLinkValidation -->
