<?xml version="1.0" encoding="UTF-8"?>
<!-- Generated by org.testng.reporters.JUnitReportReporter -->
<testsuite hostname="NarendraSai" failures="0" tests="1" name="projectT.TestCases.TestCaseDashboard" time="123.450" errors="0" timestamp="2023-09-30T23:13:41 IST" skipped="0">
  <testcase classname="projectT.TestCases.TestCaseDashboard" name="Dashboard_Page_Automation" time="123.450"/>
  <system-out/>
</testsuite> <!-- projectT.TestCases.TestCaseDashboard -->
