<?xml version="1.0" encoding="UTF-8"?>
<!-- Generated by org.testng.reporters.JUnitReportReporter -->
<testsuite hostname="NarendraSai" failures="0" tests="1" name="projectT.TestCases.TestCase03" time="82.089" errors="0" timestamp="2023-08-02T23:38:48 IST" skipped="0">
  <testcase classname="projectT.TestCases.TestCase03" name="check_Admin" time="82.089"/>
  <system-out/>
</testsuite> <!-- projectT.TestCases.TestCase03 -->
