<?xml version="1.0" encoding="UTF-8"?>
<!-- Generated by org.testng.reporters.JUnitReportReporter -->
<testsuite hostname="NarendraSai" failures="0" tests="1" name="projectT.TestCases.TestCaseMaintanance" time="94.942" errors="0" timestamp="2023-10-03T23:08:44 IST" skipped="0">
  <testcase classname="projectT.TestCases.TestCaseMaintanance" name="Maintainance_page_Automation" time="94.942"/>
  <system-out/>
</testsuite> <!-- projectT.TestCases.TestCaseMaintanance -->
