<?xml version="1.0" encoding="UTF-8"?>
<!-- Generated by org.testng.reporters.JUnitReportReporter -->
<testsuite hostname="NarendraSai" failures="0" tests="1" name="projectT.TestCases.TestCaseAdmin" time="331.284" errors="0" timestamp="2023-10-03T23:08:44 IST" skipped="0">
  <testcase classname="projectT.TestCases.TestCaseAdmin" name="Admin_Page_Automation" time="331.284"/>
  <system-out/>
</testsuite> <!-- projectT.TestCases.TestCaseAdmin -->
