<?xml version="1.0" encoding="UTF-8"?>
<!-- Generated by org.testng.reporters.JUnitReportReporter -->
<testsuite hostname="NarendraSai" failures="0" tests="1" name="projectT.TestCases.TestCaseLeave" time="80.642" errors="0" timestamp="2023-10-04T00:12:14 IST" skipped="0">
  <testcase classname="projectT.TestCases.TestCaseLeave" name="Leaves_Page_Automation" time="80.642"/>
  <system-out/>
</testsuite> <!-- projectT.TestCases.TestCaseLeave -->
